[0m20:41:13.360567 [debug] [MainThread]: Sending event: {'category': 'dbt', 'action': 'invocation', 'label': 'start', 'context': [<snowplow_tracker.self_describing_json.SelfDescribingJson object at 0x10eb874d0>, <snowplow_tracker.self_describing_json.SelfDescribingJson object at 0x10ebabed0>, <snowplow_tracker.self_describing_json.SelfDescribingJson object at 0x10ebabfd0>]}


============================== 20:41:13.369241 | 22ac65d8-bd6d-4087-95f5-f4990d76e789 ==============================
[0m20:41:13.369241 [info ] [MainThread]: Running with dbt=1.9.0
[0m20:41:13.370384 [debug] [MainThread]: running dbt with arguments {'printer_width': '80', 'indirect_selection': 'eager', 'log_cache_events': 'False', 'write_json': 'True', 'partial_parse': 'True', 'cache_selected_only': 'False', 'profiles_dir': '/Users/kidrauhl/Desktop/dataeng/data-engineering-project/dbt/bitcoin_project', 'fail_fast': 'False', 'warn_error': 'None', 'log_path': '/Users/kidrauhl/Desktop/dataeng/data-engineering-project/dbt/bitcoin_project/logs', 'version_check': 'True', 'debug': 'False', 'use_colors': 'True', 'use_experimental_parser': 'False', 'empty': 'False', 'quiet': 'False', 'no_print': 'None', 'log_format': 'default', 'introspect': 'True', 'static_parser': 'True', 'invocation_command': 'dbt run', 'target_path': 'None', 'warn_error_options': 'WarnErrorOptions(include=[], exclude=[])', 'send_anonymous_usage_stats': 'True'}
[0m20:41:24.223992 [warn ] [MainThread]: [[33mWARNING[0m]: Deprecated functionality
The `target-path` config in `dbt_project.yml` has been deprecated, and will no
longer be supported in a future version of dbt-core. If you wish to write dbt
artifacts to a custom directory, please use the --target-path CLI flag or
DBT_TARGET_PATH env var instead.
[0m20:41:24.224909 [debug] [MainThread]: Sending event: {'category': 'dbt', 'action': 'deprecation', 'label': '22ac65d8-bd6d-4087-95f5-f4990d76e789', 'property_': 'warn', 'context': [<snowplow_tracker.self_describing_json.SelfDescribingJson object at 0x10ebc04d0>]}
[0m20:41:24.635894 [debug] [MainThread]: Sending event: {'category': 'dbt', 'action': 'project_id', 'label': '22ac65d8-bd6d-4087-95f5-f4990d76e789', 'context': [<snowplow_tracker.self_describing_json.SelfDescribingJson object at 0x1256d0910>]}
[0m20:41:24.729892 [debug] [MainThread]: Sending event: {'category': 'dbt', 'action': 'adapter_info', 'label': '22ac65d8-bd6d-4087-95f5-f4990d76e789', 'context': [<snowplow_tracker.self_describing_json.SelfDescribingJson object at 0x10cb01110>]}
[0m20:41:24.730647 [info ] [MainThread]: Registered adapter: bigquery=1.9.0
[0m20:41:25.436026 [debug] [MainThread]: checksum: c99e828bba267739642b5a3ce85f17518764ea526e0e6c4fdc649171c1a66bff, vars: {}, profile: , target: , version: 1.9.0
[0m20:41:25.437193 [info ] [MainThread]: Unable to do partial parsing because saved manifest not found. Starting full parse.
[0m20:41:25.437760 [debug] [MainThread]: Sending event: {'category': 'dbt', 'action': 'partial_parser', 'label': '22ac65d8-bd6d-4087-95f5-f4990d76e789', 'context': [<snowplow_tracker.self_describing_json.SelfDescribingJson object at 0x125701bd0>]}
[0m20:41:28.435551 [warn ] [MainThread]: [[33mWARNING[0m]: Did not find matching node for patch with name 'bitcoin_model' in the 'models' section of file 'models/schema.yml'
[0m20:41:28.707116 [warn ] [MainThread]: [[33mWARNING[0m]: Test 'test.bitcoin_project.unique_bitcoin_model_block_hash.6bed1e8ac4' (models/schema.yml) depends on a node named 'bitcoin_model' in package '' which was not found
[0m20:41:28.708635 [warn ] [MainThread]: [[33mWARNING[0m]: Test 'test.bitcoin_project.not_null_bitcoin_model_block_hash.9073080403' (models/schema.yml) depends on a node named 'bitcoin_model' in package '' which was not found
[0m20:41:28.709318 [warn ] [MainThread]: [[33mWARNING[0m]: Test 'test.bitcoin_project.not_null_bitcoin_model_block_timestamp.7e3328f068' (models/schema.yml) depends on a node named 'bitcoin_model' in package '' which was not found
[0m20:41:29.075083 [warn ] [MainThread]: [[33mWARNING[0m]: Configuration paths exist in your dbt_project.yml file which do not apply to any resources.
There are 2 unused configuration paths:
- models.bitcoin_project.staging
- models.bitcoin_project.analytics
[0m20:41:29.236208 [debug] [MainThread]: Sending event: {'category': 'dbt', 'action': 'load_project', 'label': '22ac65d8-bd6d-4087-95f5-f4990d76e789', 'context': [<snowplow_tracker.self_describing_json.SelfDescribingJson object at 0x125754910>]}
[0m20:41:29.400035 [debug] [MainThread]: Wrote artifact WritableManifest to /Users/kidrauhl/Desktop/dataeng/data-engineering-project/dbt/bitcoin_project/target/manifest.json
[0m20:41:29.405780 [debug] [MainThread]: Wrote artifact SemanticManifest to /Users/kidrauhl/Desktop/dataeng/data-engineering-project/dbt/bitcoin_project/target/semantic_manifest.json
[0m20:41:29.466963 [debug] [MainThread]: Sending event: {'category': 'dbt', 'action': 'resource_counts', 'label': '22ac65d8-bd6d-4087-95f5-f4990d76e789', 'context': [<snowplow_tracker.self_describing_json.SelfDescribingJson object at 0x125cddf90>]}
[0m20:41:29.469279 [info ] [MainThread]: Found 1 model, 487 macros
[0m20:41:29.473724 [debug] [MainThread]: Sending event: {'category': 'dbt', 'action': 'runnable_timing', 'label': '22ac65d8-bd6d-4087-95f5-f4990d76e789', 'context': [<snowplow_tracker.self_describing_json.SelfDescribingJson object at 0x1259c5dd0>]}
[0m20:41:29.478789 [info ] [MainThread]: 
[0m20:41:29.480680 [info ] [MainThread]: Concurrency: 4 threads (target='dev')
[0m20:41:29.482812 [info ] [MainThread]: 
[0m20:41:29.484671 [debug] [MainThread]: Acquiring new bigquery connection 'master'
[0m20:41:29.490911 [debug] [MainThread]: Sending event: {'category': 'dbt', 'action': 'runnable_timing', 'label': '22ac65d8-bd6d-4087-95f5-f4990d76e789', 'context': [<snowplow_tracker.self_describing_json.SelfDescribingJson object at 0x125c02dd0>]}
[0m20:41:29.491875 [debug] [MainThread]: Opening a new connection, currently in state init
[0m20:41:29.492651 [debug] [MainThread]: BigQuery adapter: Got an error when attempting to create a bigquery " "client: '[Errno 2] No such file or directory: 'secrets.GCP_CREDENTIALS''
[0m20:41:29.493575 [info ] [MainThread]: 
[0m20:41:29.496419 [info ] [MainThread]: Finished running  in 0 hours 0 minutes and 0.01 seconds (0.01s).
[0m20:41:29.497591 [error] [MainThread]: Encountered an error:
Database Error
  [Errno 2] No such file or directory: 'secrets.GCP_CREDENTIALS'
[0m20:41:29.498464 [debug] [MainThread]: Resource report: {"command_name": "run", "command_success": false, "command_wall_clock_time": 16.250116, "process_in_blocks": "0", "process_kernel_time": 1.387812, "process_mem_max_rss": "212058112", "process_out_blocks": "0", "process_user_time": 5.699153}
[0m20:41:29.500361 [debug] [MainThread]: Command `dbt run` failed at 20:41:29.499152 after 16.25 seconds
[0m20:41:29.500959 [debug] [MainThread]: Sending event: {'category': 'dbt', 'action': 'invocation', 'label': 'end', 'context': [<snowplow_tracker.self_describing_json.SelfDescribingJson object at 0x10ebaac90>, <snowplow_tracker.self_describing_json.SelfDescribingJson object at 0x10eb28110>, <snowplow_tracker.self_describing_json.SelfDescribingJson object at 0x10eb84d50>]}
[0m20:41:29.501373 [debug] [MainThread]: Flushing usage events
[0m20:41:30.852711 [debug] [MainThread]: An error was encountered while trying to flush usage events
[0m21:08:27.891327 [debug] [MainThread]: Sending event: {'category': 'dbt', 'action': 'invocation', 'label': 'start', 'context': [<snowplow_tracker.self_describing_json.SelfDescribingJson object at 0x10fb179d0>, <snowplow_tracker.self_describing_json.SelfDescribingJson object at 0x10f844850>, <snowplow_tracker.self_describing_json.SelfDescribingJson object at 0x10fa2e990>]}


============================== 21:08:27.899292 | 53dc9ec0-a614-4714-a520-d817ae78a902 ==============================
[0m21:08:27.899292 [info ] [MainThread]: Running with dbt=1.9.0
[0m21:08:27.900448 [debug] [MainThread]: running dbt with arguments {'printer_width': '80', 'indirect_selection': 'eager', 'write_json': 'True', 'log_cache_events': 'False', 'partial_parse': 'True', 'cache_selected_only': 'False', 'warn_error': 'None', 'fail_fast': 'False', 'debug': 'False', 'log_path': '/Users/kidrauhl/Desktop/dataeng/data-engineering-project/dbt/bitcoin_project/logs', 'version_check': 'True', 'profiles_dir': '/Users/kidrauhl/Desktop/dataeng/data-engineering-project/dbt/bitcoin_project', 'use_colors': 'True', 'use_experimental_parser': 'False', 'no_print': 'None', 'quiet': 'False', 'empty': 'None', 'warn_error_options': 'WarnErrorOptions(include=[], exclude=[])', 'introspect': 'True', 'log_format': 'default', 'static_parser': 'True', 'target_path': 'None', 'invocation_command': 'dbt debug', 'send_anonymous_usage_stats': 'True'}
[0m21:08:27.944257 [info ] [MainThread]: dbt version: 1.9.0
[0m21:08:27.945111 [info ] [MainThread]: python version: 3.11.0
[0m21:08:27.945567 [info ] [MainThread]: python path: /Library/Frameworks/Python.framework/Versions/3.11/bin/python3.11
[0m21:08:27.945931 [info ] [MainThread]: os info: macOS-13.4-x86_64-i386-64bit
[0m21:08:33.857818 [info ] [MainThread]: Using profiles dir at /Users/kidrauhl/Desktop/dataeng/data-engineering-project/dbt/bitcoin_project
[0m21:08:33.861511 [info ] [MainThread]: Using profiles.yml file at /Users/kidrauhl/Desktop/dataeng/data-engineering-project/dbt/bitcoin_project/profiles.yml
[0m21:08:33.861921 [info ] [MainThread]: Using dbt_project.yml file at /Users/kidrauhl/Desktop/dataeng/data-engineering-project/dbt/bitcoin_project/dbt_project.yml
[0m21:08:33.862612 [info ] [MainThread]: adapter type: bigquery
[0m21:08:33.863197 [info ] [MainThread]: adapter version: 1.9.0
[0m21:08:33.870715 [warn ] [MainThread]: [[33mWARNING[0m]: Deprecated functionality
The `target-path` config in `dbt_project.yml` has been deprecated, and will no
longer be supported in a future version of dbt-core. If you wish to write dbt
artifacts to a custom directory, please use the --target-path CLI flag or
DBT_TARGET_PATH env var instead.
[0m21:08:33.871603 [debug] [MainThread]: Sending event: {'category': 'dbt', 'action': 'deprecation', 'label': '53dc9ec0-a614-4714-a520-d817ae78a902', 'property_': 'warn', 'context': [<snowplow_tracker.self_describing_json.SelfDescribingJson object at 0x1266d3850>]}
[0m21:08:33.999799 [info ] [MainThread]: Configuration:
[0m21:08:34.000291 [info ] [MainThread]:   profiles.yml file [[32mOK found and valid[0m]
[0m21:08:34.000662 [info ] [MainThread]:   dbt_project.yml file [[32mOK found and valid[0m]
[0m21:08:34.001005 [info ] [MainThread]: Required dependencies:
[0m21:08:34.001410 [debug] [MainThread]: Executing "git --help"
[0m21:08:34.038109 [debug] [MainThread]: STDOUT: "b"usage: git [--version] [--help] [-C <path>] [-c <name>=<value>]\n           [--exec-path[=<path>]] [--html-path] [--man-path] [--info-path]\n           [-p | --paginate | -P | --no-pager] [--no-replace-objects] [--bare]\n           [--git-dir=<path>] [--work-tree=<path>] [--namespace=<name>]\n           <command> [<args>]\n\nThese are common Git commands used in various situations:\n\nstart a working area (see also: git help tutorial)\n   clone     Clone a repository into a new directory\n   init      Create an empty Git repository or reinitialize an existing one\n\nwork on the current change (see also: git help everyday)\n   add       Add file contents to the index\n   mv        Move or rename a file, a directory, or a symlink\n   restore   Restore working tree files\n   rm        Remove files from the working tree and from the index\n\nexamine the history and state (see also: git help revisions)\n   bisect    Use binary search to find the commit that introduced a bug\n   diff      Show changes between commits, commit and working tree, etc\n   grep      Print lines matching a pattern\n   log       Show commit logs\n   show      Show various types of objects\n   status    Show the working tree status\n\ngrow, mark and tweak your common history\n   branch    List, create, or delete branches\n   commit    Record changes to the repository\n   merge     Join two or more development histories together\n   rebase    Reapply commits on top of another base tip\n   reset     Reset current HEAD to the specified state\n   switch    Switch branches\n   tag       Create, list, delete or verify a tag object signed with GPG\n\ncollaborate (see also: git help workflows)\n   fetch     Download objects and refs from another repository\n   pull      Fetch from and integrate with another repository or a local branch\n   push      Update remote refs along with associated objects\n\n'git help -a' and 'git help -g' list available subcommands and some\nconcept guides. See 'git help <command>' or 'git help <concept>'\nto read about a specific subcommand or concept.\nSee 'git help git' for an overview of the system.\n""
[0m21:08:34.039163 [debug] [MainThread]: STDERR: "b''"
[0m21:08:34.039787 [info ] [MainThread]:  - git [[32mOK found[0m]

[0m21:08:34.040259 [info ] [MainThread]: Connection:
[0m21:08:34.040811 [info ] [MainThread]:   method: service-account
[0m21:08:34.041172 [info ] [MainThread]:   database: bitcoin-438011
[0m21:08:34.041518 [info ] [MainThread]:   execution_project: bitcoin-438011
[0m21:08:34.041853 [info ] [MainThread]:   schema: raw_dataset
[0m21:08:34.042194 [info ] [MainThread]:   location: None
[0m21:08:34.042527 [info ] [MainThread]:   priority: interactive
[0m21:08:34.042863 [info ] [MainThread]:   maximum_bytes_billed: None
[0m21:08:34.043209 [info ] [MainThread]:   impersonate_service_account: None
[0m21:08:34.043557 [info ] [MainThread]:   job_retry_deadline_seconds: None
[0m21:08:34.043893 [info ] [MainThread]:   job_retries: 1
[0m21:08:34.044228 [info ] [MainThread]:   job_creation_timeout_seconds: None
[0m21:08:34.044559 [info ] [MainThread]:   job_execution_timeout_seconds: None
[0m21:08:34.044880 [info ] [MainThread]:   timeout_seconds: None
[0m21:08:34.046552 [info ] [MainThread]:   client_id: None
[0m21:08:34.047628 [info ] [MainThread]:   token_uri: None
[0m21:08:34.048258 [info ] [MainThread]:   dataproc_region: None
[0m21:08:34.048767 [info ] [MainThread]:   dataproc_cluster_name: None
[0m21:08:34.049124 [info ] [MainThread]:   gcs_bucket: None
[0m21:08:34.049497 [info ] [MainThread]:   dataproc_batch: None
[0m21:08:34.050247 [info ] [MainThread]: Registered adapter: bigquery=1.9.0
[0m21:08:34.897256 [debug] [MainThread]: Acquiring new bigquery connection 'debug'
[0m21:08:34.898195 [debug] [MainThread]: On debug: select 1 as id
[0m21:08:34.899193 [debug] [MainThread]: Opening a new connection, currently in state init
[0m21:08:34.900175 [debug] [MainThread]: BigQuery adapter: Got an error when attempting to create a bigquery " "client: '[Errno 2] No such file or directory: 'secrets.GCP_CREDENTIALS''
[0m21:08:34.901033 [debug] [MainThread]: BigQuery adapter: Unhandled error while running:
select 1 as id
[0m21:08:34.901675 [debug] [MainThread]: BigQuery adapter: Database Error
  [Errno 2] No such file or directory: 'secrets.GCP_CREDENTIALS'
[0m21:08:34.903262 [info ] [MainThread]:   Connection test: [[31mERROR[0m]

[0m21:08:34.903815 [info ] [MainThread]: [31m1 check failed:[0m
[0m21:08:34.904260 [info ] [MainThread]: dbt was unable to connect to the specified database.
The database returned the following error:

  >'NoneType' object has no attribute 'close'

Check your database credentials and try again. For more information, visit:
https://docs.getdbt.com/docs/configure-your-profile


[0m21:08:34.905295 [debug] [MainThread]: Resource report: {"command_name": "debug", "command_success": false, "command_wall_clock_time": 7.138303, "process_in_blocks": "0", "process_kernel_time": 1.469273, "process_mem_max_rss": "203333632", "process_out_blocks": "0", "process_user_time": 3.66161}
[0m21:08:34.906082 [debug] [MainThread]: Command `dbt debug` failed at 21:08:34.905929 after 7.14 seconds
[0m21:08:34.906693 [debug] [MainThread]: Sending event: {'category': 'dbt', 'action': 'invocation', 'label': 'end', 'context': [<snowplow_tracker.self_describing_json.SelfDescribingJson object at 0x10fb14110>, <snowplow_tracker.self_describing_json.SelfDescribingJson object at 0x10fba6390>, <snowplow_tracker.self_describing_json.SelfDescribingJson object at 0x1266b4f90>]}
[0m21:08:34.907322 [debug] [MainThread]: Flushing usage events
[0m21:08:35.943602 [debug] [MainThread]: An error was encountered while trying to flush usage events
